<?xml version="1.0" encoding="UTF-8"?>
<!-- Generated by org.testng.reporters.JUnitReportReporter -->
<testsuite hostname="Sayali" failures="0" tests="2" name="framework1.groupexection" time="77.711" errors="0" timestamp="2023-12-04T11:01:25 IST" skipped="0">
  <testcase classname="framework1.groupexection" name="swiggy" time="44.987"/>
  <testcase classname="framework1.groupexection" name="zomato" time="32.724"/>
</testsuite> <!-- framework1.groupexection -->
